# JRE version: OpenJDK Runtime Environment (17.0.9) (build 17.0.9+0--11185874)
# Java VM: OpenJDK 64-Bit Server VM (17.0.9+0--11185874, mixed mode, tiered, compressed oops, compressed class ptrs, g1 gc, windows-amd64)
GC Precious Log:
 CPUs: 4 total, 4 available
 Memory: 8113M
 Large Page Support: Disabled
 NUMA Support: Disabled
 Compressed Oops: Enabled (32-bit)
 Heap Region Size: 1M
 Heap Min Capacity: 8M
 Heap Initial Capacity: 128M
 Heap Max Capacity: 2G
 Pre-touch: Disabled
 Parallel Workers: 4
 Concurrent Workers: 1
 Concurrent Refinement Workers: 4
 Periodic GC: Disabled
Heap:
 garbage-first heap   total 311296K, used 212800K [0x0000000080000000, 0x0000000100000000)
  region size 1024K, 87 young (89088K), 10 survivors (10240K)
 Metaspace       used 137792K, committed 138560K, reserved 1179648K
  class space    used 17619K, committed 17984K, reserved 1048576K
GC Heap History (20 events):
Event: 106.853 GC heap before
{Heap before GC invocations=106 (full 0):
 garbage-first heap   total 301056K, used 128993K [0x0000000080000000, 0x0000000100000000)
  region size 1024K, 14 young (14336K), 9 survivors (9216K)
 Metaspace       used 103051K, committed 103680K, reserved 1179648K
  class space    used 13488K, committed 13760K, reserved 1048576K
}
Event: 106.871 GC heap after
{Heap after GC invocations=107 (full 0):
 garbage-first heap   total 301056K, used 116873K [0x0000000080000000, 0x0000000100000000)
  region size 1024K, 2 young (2048K), 2 survivors (2048K)
 Metaspace       used 103051K, committed 103680K, reserved 1179648K
  class space    used 13488K, committed 13760K, reserved 1048576K
}
Event: 110.880 GC heap before
{Heap before GC invocations=107 (full 0):
 garbage-first heap   total 301056K, used 242825K [0x0000000080000000, 0x0000000100000000)
  region size 1024K, 125 young (128000K), 2 survivors (2048K)
 Metaspace       used 119415K, committed 120192K, reserved 1179648K
  class space    used 15251K, committed 15616K, reserved 1048576K
}
Event: 110.892 GC heap after
{Heap after GC invocations=108 (full 0):
 garbage-first heap   total 301056K, used 119720K [0x0000000080000000, 0x0000000100000000)
  region size 1024K, 5 young (5120K), 5 survivors (5120K)
 Metaspace       used 119415K, committed 120192K, reserved 1179648K
  class space    used 15251K, committed 15616K, reserved 1048576K
}
Event: 111.384 GC heap before
{Heap before GC invocations=109 (full 0):
 garbage-first heap   total 311296K, used 244648K [0x0000000080000000, 0x0000000100000000)
  region size 1024K, 128 young (131072K), 5 survivors (5120K)
 Metaspace       used 119415K, committed 120192K, reserved 1179648K
  class space    used 15251K, committed 15616K, reserved 1048576K
}
Event: 111.394 GC heap after
{Heap after GC invocations=110 (full 0):
 garbage-first heap   total 311296K, used 120209K [0x0000000080000000, 0x0000000100000000)
  region size 1024K, 6 young (6144K), 6 survivors (6144K)
 Metaspace       used 119415K, committed 120192K, reserved 1179648K
  class space    used 15251K, committed 15616K, reserved 1048576K
}
Event: 111.426 GC heap before
{Heap before GC invocations=110 (full 0):
 garbage-first heap   total 311296K, used 128401K [0x0000000080000000, 0x0000000100000000)
  region size 1024K, 15 young (15360K), 6 survivors (6144K)
 Metaspace       used 119415K, committed 120192K, reserved 1179648K
  class space    used 15251K, committed 15616K, reserved 1048576K
}
Event: 111.435 GC heap after
{Heap after GC invocations=111 (full 0):
 garbage-first heap   total 311296K, used 118994K [0x0000000080000000, 0x0000000100000000)
  region size 1024K, 1 young (1024K), 1 survivors (1024K)
 Metaspace       used 119415K, committed 120192K, reserved 1179648K
  class space    used 15251K, committed 15616K, reserved 1048576K
}
Event: 111.905 GC heap before
{Heap before GC invocations=111 (full 0):
 garbage-first heap   total 311296K, used 257234K [0x0000000080000000, 0x0000000100000000)
  region size 1024K, 136 young (139264K), 1 survivors (1024K)
 Metaspace       used 119415K, committed 120192K, reserved 1179648K
  class space    used 15251K, committed 15616K, reserved 1048576K
}
Event: 111.908 GC heap after
{Heap after GC invocations=112 (full 0):
 garbage-first heap   total 311296K, used 120089K [0x0000000080000000, 0x0000000100000000)
  region size 1024K, 3 young (3072K), 3 survivors (3072K)
 Metaspace       used 119415K, committed 120192K, reserved 1179648K
  class space    used 15251K, committed 15616K, reserved 1048576K
}
Event: 112.343 GC heap before
{Heap before GC invocations=112 (full 0):
 garbage-first heap   total 311296K, used 259353K [0x0000000080000000, 0x0000000100000000)
  region size 1024K, 139 young (142336K), 3 survivors (3072K)
 Metaspace       used 119415K, committed 120192K, reserved 1179648K
  class space    used 15251K, committed 15616K, reserved 1048576K
}
Event: 112.347 GC heap after
{Heap after GC invocations=113 (full 0):
 garbage-first heap   total 311296K, used 122066K [0x0000000080000000, 0x0000000100000000)
  region size 1024K, 4 young (4096K), 4 survivors (4096K)
 Metaspace       used 119415K, committed 120192K, reserved 1179648K
  class space    used 15251K, committed 15616K, reserved 1048576K
}
Event: 112.759 GC heap before
{Heap before GC invocations=113 (full 0):
 garbage-first heap   total 311296K, used 263378K [0x0000000080000000, 0x0000000100000000)
  region size 1024K, 142 young (145408K), 4 survivors (4096K)
 Metaspace       used 119415K, committed 120192K, reserved 1179648K
  class space    used 15251K, committed 15616K, reserved 1048576K
}
Event: 112.765 GC heap after
{Heap after GC invocations=114 (full 0):
 garbage-first heap   total 311296K, used 124078K [0x0000000080000000, 0x0000000100000000)
  region size 1024K, 6 young (6144K), 6 survivors (6144K)
 Metaspace       used 119415K, committed 120192K, reserved 1179648K
  class space    used 15251K, committed 15616K, reserved 1048576K
}
Event: 113.524 GC heap before
{Heap before GC invocations=114 (full 0):
 garbage-first heap   total 311296K, used 265390K [0x0000000080000000, 0x0000000100000000)
  region size 1024K, 144 young (147456K), 6 survivors (6144K)
 Metaspace       used 119432K, committed 120192K, reserved 1179648K
  class space    used 15251K, committed 15616K, reserved 1048576K
}
Event: 113.529 GC heap after
{Heap after GC invocations=115 (full 0):
 garbage-first heap   total 311296K, used 125392K [0x0000000080000000, 0x0000000100000000)
  region size 1024K, 8 young (8192K), 8 survivors (8192K)
 Metaspace       used 119432K, committed 120192K, reserved 1179648K
  class space    used 15251K, committed 15616K, reserved 1048576K
}
Event: 115.395 GC heap before
{Heap before GC invocations=115 (full 0):
 garbage-first heap   total 311296K, used 267728K [0x0000000080000000, 0x0000000100000000)
  region size 1024K, 146 young (149504K), 8 survivors (8192K)
 Metaspace       used 121578K, committed 122304K, reserved 1179648K
  class space    used 15457K, committed 15808K, reserved 1048576K
}
Event: 115.421 GC heap after
{Heap after GC invocations=116 (full 0):
 garbage-first heap   total 311296K, used 133330K [0x0000000080000000, 0x0000000100000000)
  region size 1024K, 15 young (15360K), 15 survivors (15360K)
 Metaspace       used 121578K, committed 122304K, reserved 1179648K
  class space    used 15457K, committed 15808K, reserved 1048576K
}
Event: 121.395 GC heap before
{Heap before GC invocations=116 (full 0):
 garbage-first heap   total 311296K, used 262354K [0x0000000080000000, 0x0000000100000000)
  region size 1024K, 142 young (145408K), 15 survivors (15360K)
 Metaspace       used 135707K, committed 136448K, reserved 1179648K
  class space    used 17384K, committed 17728K, reserved 1048576K
}
Event: 121.416 GC heap after
{Heap after GC invocations=117 (full 0):
 garbage-first heap   total 311296K, used 133952K [0x0000000080000000, 0x0000000100000000)
  region size 1024K, 10 young (10240K), 10 survivors (10240K)
 Metaspace       used 135707K, committed 136448K, reserved 1179648K
  class space    used 17384K, committed 17728K, reserved 1048576K
}

