# JRE version: OpenJDK Runtime Environment (17.0.9) (build 17.0.9+0--11185874)
# Java VM: OpenJDK 64-Bit Server VM (17.0.9+0--11185874, mixed mode, tiered, compressed oops, compressed class ptrs, g1 gc, windows-amd64)
GC Precious Log:
 CPUs: 4 total, 4 available
 Memory: 8113M
 Large Page Support: Disabled
 NUMA Support: Disabled
 Compressed Oops: Enabled (32-bit)
 Heap Region Size: 1M
 Heap Min Capacity: 8M
 Heap Initial Capacity: 128M
 Heap Max Capacity: 2G
 Pre-touch: Disabled
 Parallel Workers: 4
 Concurrent Workers: 1
 Concurrent Refinement Workers: 4
 Periodic GC: Disabled
Heap:
 garbage-first heap   total 89088K, used 63743K [0x0000000080000000, 0x0000000100000000)
  region size 1024K, 21 young (21504K), 2 survivors (2048K)
 Metaspace       used 51592K, committed 51968K, reserved 1114112K
  class space    used 6938K, committed 7104K, reserved 1048576K
GC Heap History (20 events):
Event: 44.958 GC heap before
{Heap before GC invocations=10 (full 0):
 garbage-first heap   total 71680K, used 56389K [0x0000000080000000, 0x0000000100000000)
  region size 1024K, 24 young (24576K), 1 survivors (1024K)
 Metaspace       used 40890K, committed 41344K, reserved 1114112K
  class space    used 5532K, committed 5760K, reserved 1048576K
}
Event: 44.968 GC heap after
{Heap after GC invocations=11 (full 0):
 garbage-first heap   total 71680K, used 35672K [0x0000000080000000, 0x0000000100000000)
  region size 1024K, 3 young (3072K), 3 survivors (3072K)
 Metaspace       used 40890K, committed 41344K, reserved 1114112K
  class space    used 5532K, committed 5760K, reserved 1048576K
}
Event: 45.586 GC heap before
{Heap before GC invocations=11 (full 0):
 garbage-first heap   total 71680K, used 56152K [0x0000000080000000, 0x0000000100000000)
  region size 1024K, 24 young (24576K), 3 survivors (3072K)
 Metaspace       used 43280K, committed 43712K, reserved 1114112K
  class space    used 5792K, committed 6016K, reserved 1048576K
}
Event: 45.593 GC heap after
{Heap after GC invocations=12 (full 0):
 garbage-first heap   total 71680K, used 38338K [0x0000000080000000, 0x0000000100000000)
  region size 1024K, 3 young (3072K), 3 survivors (3072K)
 Metaspace       used 43280K, committed 43712K, reserved 1114112K
  class space    used 5792K, committed 6016K, reserved 1048576K
}
Event: 45.918 GC heap before
{Heap before GC invocations=13 (full 0):
 garbage-first heap   total 76800K, used 50626K [0x0000000080000000, 0x0000000100000000)
  region size 1024K, 17 young (17408K), 3 survivors (3072K)
 Metaspace       used 43732K, committed 44224K, reserved 1114112K
  class space    used 5840K, committed 6080K, reserved 1048576K
}
Event: 45.925 GC heap after
{Heap after GC invocations=14 (full 0):
 garbage-first heap   total 76800K, used 39467K [0x0000000080000000, 0x0000000100000000)
  region size 1024K, 3 young (3072K), 3 survivors (3072K)
 Metaspace       used 43732K, committed 44224K, reserved 1114112K
  class space    used 5840K, committed 6080K, reserved 1048576K
}
Event: 51.040 GC heap before
{Heap before GC invocations=15 (full 0):
 garbage-first heap   total 78848K, used 64043K [0x0000000080000000, 0x0000000100000000)
  region size 1024K, 23 young (23552K), 3 survivors (3072K)
 Metaspace       used 46951K, committed 47296K, reserved 1114112K
  class space    used 6211K, committed 6400K, reserved 1048576K
}
Event: 51.047 GC heap after
{Heap after GC invocations=16 (full 0):
 garbage-first heap   total 78848K, used 40563K [0x0000000080000000, 0x0000000100000000)
  region size 1024K, 2 young (2048K), 2 survivors (2048K)
 Metaspace       used 46951K, committed 47296K, reserved 1114112K
  class space    used 6211K, committed 6400K, reserved 1048576K
}
Event: 55.887 GC heap before
{Heap before GC invocations=16 (full 0):
 garbage-first heap   total 78848K, used 61043K [0x0000000080000000, 0x0000000100000000)
  region size 1024K, 23 young (23552K), 2 survivors (2048K)
 Metaspace       used 49823K, committed 50240K, reserved 1114112K
  class space    used 6710K, committed 6912K, reserved 1048576K
}
Event: 55.895 GC heap after
{Heap after GC invocations=17 (full 0):
 garbage-first heap   total 78848K, used 41355K [0x0000000080000000, 0x0000000100000000)
  region size 1024K, 1 young (1024K), 1 survivors (1024K)
 Metaspace       used 49823K, committed 50240K, reserved 1114112K
  class space    used 6710K, committed 6912K, reserved 1048576K
}
Event: 57.233 GC heap before
{Heap before GC invocations=18 (full 0):
 garbage-first heap   total 78848K, used 63883K [0x0000000080000000, 0x0000000100000000)
  region size 1024K, 23 young (23552K), 1 survivors (1024K)
 Metaspace       used 51474K, committed 51840K, reserved 1114112K
  class space    used 6935K, committed 7104K, reserved 1048576K
}
Event: 57.244 GC heap after
{Heap after GC invocations=19 (full 0):
 garbage-first heap   total 78848K, used 42763K [0x0000000080000000, 0x0000000100000000)
  region size 1024K, 3 young (3072K), 3 survivors (3072K)
 Metaspace       used 51474K, committed 51840K, reserved 1114112K
  class space    used 6935K, committed 7104K, reserved 1048576K
}
Event: 58.045 GC heap before
{Heap before GC invocations=19 (full 0):
 garbage-first heap   total 78848K, used 64267K [0x0000000080000000, 0x0000000100000000)
  region size 1024K, 24 young (24576K), 3 survivors (3072K)
 Metaspace       used 51539K, committed 51968K, reserved 1114112K
  class space    used 6935K, committed 7104K, reserved 1048576K
}
Event: 58.053 GC heap after
{Heap after GC invocations=20 (full 0):
 garbage-first heap   total 78848K, used 44041K [0x0000000080000000, 0x0000000100000000)
  region size 1024K, 3 young (3072K), 3 survivors (3072K)
 Metaspace       used 51539K, committed 51968K, reserved 1114112K
  class space    used 6935K, committed 7104K, reserved 1048576K
}
Event: 58.485 GC heap before
{Heap before GC invocations=21 (full 0):
 garbage-first heap   total 80896K, used 64521K [0x0000000080000000, 0x0000000100000000)
  region size 1024K, 23 young (23552K), 3 survivors (3072K)
 Metaspace       used 51580K, committed 51968K, reserved 1114112K
  class space    used 6938K, committed 7104K, reserved 1048576K
}
Event: 58.498 GC heap after
{Heap after GC invocations=22 (full 0):
 garbage-first heap   total 80896K, used 44956K [0x0000000080000000, 0x0000000100000000)
  region size 1024K, 3 young (3072K), 3 survivors (3072K)
 Metaspace       used 51580K, committed 51968K, reserved 1114112K
  class space    used 6938K, committed 7104K, reserved 1048576K
}
Event: 58.781 GC heap before
{Heap before GC invocations=22 (full 0):
 garbage-first heap   total 80896K, used 66460K [0x0000000080000000, 0x0000000100000000)
  region size 1024K, 24 young (24576K), 3 survivors (3072K)
 Metaspace       used 51589K, committed 51968K, reserved 1114112K
  class space    used 6938K, committed 7104K, reserved 1048576K
}
Event: 58.786 GC heap after
{Heap after GC invocations=23 (full 0):
 garbage-first heap   total 80896K, used 45065K [0x0000000080000000, 0x0000000100000000)
  region size 1024K, 2 young (2048K), 2 survivors (2048K)
 Metaspace       used 51589K, committed 51968K, reserved 1114112K
  class space    used 6938K, committed 7104K, reserved 1048576K
}
Event: 59.255 GC heap before
{Heap before GC invocations=24 (full 0):
 garbage-first heap   total 89088K, used 66569K [0x0000000080000000, 0x0000000100000000)
  region size 1024K, 23 young (23552K), 2 survivors (2048K)
 Metaspace       used 51592K, committed 51968K, reserved 1114112K
  class space    used 6938K, committed 7104K, reserved 1048576K
}
Event: 59.261 GC heap after
{Heap after GC invocations=25 (full 0):
 garbage-first heap   total 89088K, used 45311K [0x0000000080000000, 0x0000000100000000)
  region size 1024K, 2 young (2048K), 2 survivors (2048K)
 Metaspace       used 51592K, committed 51968K, reserved 1114112K
  class space    used 6938K, committed 7104K, reserved 1048576K
}

