# JRE version: OpenJDK Runtime Environment (17.0.9) (build 17.0.9+0--11185874)
# Java VM: OpenJDK 64-Bit Server VM (17.0.9+0--11185874, mixed mode, tiered, compressed oops, compressed class ptrs, g1 gc, windows-amd64)
GC Precious Log:
 CPUs: 4 total, 4 available
 Memory: 8113M
 Large Page Support: Disabled
 NUMA Support: Disabled
 Compressed Oops: Enabled (32-bit)
 Heap Region Size: 1M
 Heap Min Capacity: 8M
 Heap Initial Capacity: 128M
 Heap Max Capacity: 2G
 Pre-touch: Disabled
 Parallel Workers: 4
 Concurrent Workers: 1
 Concurrent Refinement Workers: 4
 Periodic GC: Disabled
Heap:
 garbage-first heap   total 225280K, used 136360K [0x0000000080000000, 0x0000000100000000)
  region size 1024K, 11 young (11264K), 3 survivors (3072K)
 Metaspace       used 114791K, committed 115712K, reserved 1179648K
  class space    used 16106K, committed 16576K, reserved 1048576K
GC Heap History (20 events):
Event: 35.369 GC heap before
{Heap before GC invocations=35 (full 0):
 garbage-first heap   total 211968K, used 156342K [0x0000000080000000, 0x0000000100000000)
  region size 1024K, 62 young (63488K), 5 survivors (5120K)
 Metaspace       used 86193K, committed 86976K, reserved 1179648K
  class space    used 11682K, committed 12032K, reserved 1048576K
}
Event: 35.386 GC heap after
{Heap after GC invocations=36 (full 0):
 garbage-first heap   total 211968K, used 103180K [0x0000000080000000, 0x0000000100000000)
  region size 1024K, 8 young (8192K), 8 survivors (8192K)
 Metaspace       used 86193K, committed 86976K, reserved 1179648K
  class space    used 11682K, committed 12032K, reserved 1048576K
}
Event: 38.466 GC heap before
{Heap before GC invocations=37 (full 0):
 garbage-first heap   total 211968K, used 175884K [0x0000000080000000, 0x0000000100000000)
  region size 1024K, 78 young (79872K), 8 survivors (8192K)
 Metaspace       used 91083K, committed 91840K, reserved 1179648K
  class space    used 12561K, committed 12928K, reserved 1048576K
}
Event: 38.481 GC heap after
{Heap after GC invocations=38 (full 0):
 garbage-first heap   total 211968K, used 105382K [0x0000000080000000, 0x0000000100000000)
  region size 1024K, 6 young (6144K), 6 survivors (6144K)
 Metaspace       used 91083K, committed 91840K, reserved 1179648K
  class space    used 12561K, committed 12928K, reserved 1048576K
}
Event: 38.626 GC heap before
{Heap before GC invocations=38 (full 0):
 garbage-first heap   total 211968K, used 108454K [0x0000000080000000, 0x0000000100000000)
  region size 1024K, 10 young (10240K), 6 survivors (6144K)
 Metaspace       used 91362K, committed 92096K, reserved 1179648K
  class space    used 12601K, committed 12928K, reserved 1048576K
}
Event: 38.637 GC heap after
{Heap after GC invocations=39 (full 0):
 garbage-first heap   total 211968K, used 106167K [0x0000000080000000, 0x0000000100000000)
  region size 1024K, 1 young (1024K), 1 survivors (1024K)
 Metaspace       used 91362K, committed 92096K, reserved 1179648K
  class space    used 12601K, committed 12928K, reserved 1048576K
}
Event: 40.212 GC heap before
{Heap before GC invocations=39 (full 0):
 garbage-first heap   total 211968K, used 136887K [0x0000000080000000, 0x0000000100000000)
  region size 1024K, 32 young (32768K), 1 survivors (1024K)
 Metaspace       used 93877K, committed 94592K, reserved 1179648K
  class space    used 12940K, committed 13248K, reserved 1048576K
}
Event: 40.220 GC heap after
{Heap after GC invocations=40 (full 0):
 garbage-first heap   total 211968K, used 106835K [0x0000000080000000, 0x0000000100000000)
  region size 1024K, 2 young (2048K), 2 survivors (2048K)
 Metaspace       used 93877K, committed 94592K, reserved 1179648K
  class space    used 12940K, committed 13248K, reserved 1048576K
}
Event: 66.940 GC heap before
{Heap before GC invocations=41 (full 0):
 garbage-first heap   total 211968K, used 188755K [0x0000000080000000, 0x0000000100000000)
  region size 1024K, 72 young (73728K), 2 survivors (2048K)
 Metaspace       used 98507K, committed 99392K, reserved 1179648K
  class space    used 13631K, committed 14016K, reserved 1048576K
}
Event: 66.956 GC heap after
{Heap after GC invocations=42 (full 0):
 garbage-first heap   total 211968K, used 127040K [0x0000000080000000, 0x0000000100000000)
  region size 1024K, 9 young (9216K), 9 survivors (9216K)
 Metaspace       used 98507K, committed 99392K, reserved 1179648K
  class space    used 13631K, committed 14016K, reserved 1048576K
}
Event: 100.933 GC heap before
{Heap before GC invocations=42 (full 0):
 garbage-first heap   total 211968K, used 128064K [0x0000000080000000, 0x0000000100000000)
  region size 1024K, 10 young (10240K), 9 survivors (9216K)
 Metaspace       used 98513K, committed 99392K, reserved 1179648K
  class space    used 13631K, committed 14016K, reserved 1048576K
}
Event: 100.948 GC heap after
{Heap after GC invocations=43 (full 0):
 garbage-first heap   total 211968K, used 127087K [0x0000000080000000, 0x0000000100000000)
  region size 1024K, 1 young (1024K), 1 survivors (1024K)
 Metaspace       used 98513K, committed 99392K, reserved 1179648K
  class space    used 13631K, committed 14016K, reserved 1048576K
}
Event: 108.177 GC heap before
{Heap before GC invocations=43 (full 0):
 garbage-first heap   total 211968K, used 134255K [0x0000000080000000, 0x0000000100000000)
  region size 1024K, 9 young (9216K), 1 survivors (1024K)
 Metaspace       used 98956K, committed 99840K, reserved 1179648K
  class space    used 13704K, committed 14144K, reserved 1048576K
}
Event: 108.183 GC heap after
{Heap after GC invocations=44 (full 0):
 garbage-first heap   total 211968K, used 126808K [0x0000000080000000, 0x0000000100000000)
  region size 1024K, 1 young (1024K), 1 survivors (1024K)
 Metaspace       used 98956K, committed 99840K, reserved 1179648K
  class space    used 13704K, committed 14144K, reserved 1048576K
}
Event: 240.426 GC heap before
{Heap before GC invocations=45 (full 0):
 garbage-first heap   total 225280K, used 187224K [0x0000000080000000, 0x0000000100000000)
  region size 1024K, 53 young (54272K), 1 survivors (1024K)
 Metaspace       used 106004K, committed 106880K, reserved 1179648K
  class space    used 14975K, committed 15424K, reserved 1048576K
}
Event: 240.434 GC heap after
{Heap after GC invocations=46 (full 0):
 garbage-first heap   total 225280K, used 127792K [0x0000000080000000, 0x0000000100000000)
  region size 1024K, 2 young (2048K), 2 survivors (2048K)
 Metaspace       used 106004K, committed 106880K, reserved 1179648K
  class space    used 14975K, committed 15424K, reserved 1048576K
}
Event: 240.737 GC heap before
{Heap before GC invocations=46 (full 0):
 garbage-first heap   total 225280K, used 138032K [0x0000000080000000, 0x0000000100000000)
  region size 1024K, 11 young (11264K), 2 survivors (2048K)
 Metaspace       used 107754K, committed 108608K, reserved 1179648K
  class space    used 15115K, committed 15552K, reserved 1048576K
}
Event: 240.742 GC heap after
{Heap after GC invocations=47 (full 0):
 garbage-first heap   total 225280K, used 126805K [0x0000000080000000, 0x0000000100000000)
  region size 1024K, 1 young (1024K), 1 survivors (1024K)
 Metaspace       used 107754K, committed 108608K, reserved 1179648K
  class space    used 15115K, committed 15552K, reserved 1048576K
}
Event: 243.231 GC heap before
{Heap before GC invocations=47 (full 0):
 garbage-first heap   total 225280K, used 192341K [0x0000000080000000, 0x0000000100000000)
  region size 1024K, 65 young (66560K), 1 survivors (1024K)
 Metaspace       used 114368K, committed 115200K, reserved 1179648K
  class space    used 16043K, committed 16448K, reserved 1048576K
}
Event: 243.244 GC heap after
{Heap after GC invocations=48 (full 0):
 garbage-first heap   total 225280K, used 129192K [0x0000000080000000, 0x0000000100000000)
  region size 1024K, 3 young (3072K), 3 survivors (3072K)
 Metaspace       used 114368K, committed 115200K, reserved 1179648K
  class space    used 16043K, committed 16448K, reserved 1048576K
}

